<?xml version="1.0" encoding="utf-8"?><testsuites><testsuite errors="0" failures="0" hostname="LAPTOP-NBKPBDNT" name="pytest" skipped="0" tests="5" time="23.473" timestamp="2022-03-08T10:18:24.265530"><testcase classname="TestCases.API_test" name="test_valid_login" time="0.715" /><testcase classname="TestCases.API_test" name="test_pet_order" time="0.622" /><testcase classname="TestCases.API_test" name="test_create_user" time="0.648" /><testcase classname="TestCases.UI_test.Test_UI" name="test_title" time="13.308" /><testcase classname="TestCases.UI_test.Test_UI" name="test_search_bar" time="5.927" /></testsuite></testsuites>